2019-02-14 16:22:19,370 DEBUG MybatisAutoConfiguration:184 ---- Searching for mappers annotated with @Mapper
2019-02-14 16:22:19,379 DEBUG MybatisAutoConfiguration:196 ---- Using auto-configuration base package 'com.lvhong'
2019-02-14 16:22:20,148  INFO Http11NioProtocol:173 ---- Initializing ProtocolHandler ["http-nio-8081"]
2019-02-14 16:22:20,156  INFO StandardService:173 ---- Starting service [Tomcat]
2019-02-14 16:22:20,157  INFO StandardEngine:173 ---- Starting Servlet Engine: Apache Tomcat/9.0.13
2019-02-14 16:22:20,164  INFO AprLifecycleListener:173 ---- The APR based Apache Tomcat Native library which allows optimal performance in production environments was not found on the java.library.path: [/Users/lvhong/Library/Java/Extensions:/Library/Java/Extensions:/Network/Library/Java/Extensions:/System/Library/Java/Extensions:/usr/lib/java:.]
2019-02-14 16:22:20,396  INFO TldScanner:173 ---- At least one JAR was scanned for TLDs yet contained no TLDs. Enable debug logging for this logger for a complete list of JARs that were scanned but no TLDs were found in them. Skipping unneeded JARs during scanning can improve startup time and JSP compilation time.
2019-02-14 16:22:20,400  INFO [/urlInfo]:173 ---- Initializing Spring embedded WebApplicationContext
2019-02-14 16:22:20,830 DEBUG LogFactory:135 ---- Logging initialized using 'class org.apache.ibatis.logging.slf4j.Slf4jImpl' adapter.
2019-02-14 16:22:20,837  INFO StandardService:173 ---- Stopping service [Tomcat]
2019-02-14 16:24:37,967 DEBUG MybatisAutoConfiguration:184 ---- Searching for mappers annotated with @Mapper
2019-02-14 16:24:37,973 DEBUG MybatisAutoConfiguration:196 ---- Using auto-configuration base package 'com.lvhong'
2019-02-14 16:24:38,567  INFO Http11NioProtocol:173 ---- Initializing ProtocolHandler ["http-nio-8081"]
2019-02-14 16:24:38,574  INFO StandardService:173 ---- Starting service [Tomcat]
2019-02-14 16:24:38,575  INFO StandardEngine:173 ---- Starting Servlet Engine: Apache Tomcat/9.0.13
2019-02-14 16:24:38,580  INFO AprLifecycleListener:173 ---- The APR based Apache Tomcat Native library which allows optimal performance in production environments was not found on the java.library.path: [/Users/lvhong/Library/Java/Extensions:/Library/Java/Extensions:/Network/Library/Java/Extensions:/System/Library/Java/Extensions:/usr/lib/java:.]
2019-02-14 16:24:38,774  INFO TldScanner:173 ---- At least one JAR was scanned for TLDs yet contained no TLDs. Enable debug logging for this logger for a complete list of JARs that were scanned but no TLDs were found in them. Skipping unneeded JARs during scanning can improve startup time and JSP compilation time.
2019-02-14 16:24:38,780  INFO [/urlInfo]:173 ---- Initializing Spring embedded WebApplicationContext
2019-02-14 16:24:39,155 DEBUG LogFactory:135 ---- Logging initialized using 'class org.apache.ibatis.logging.slf4j.Slf4jImpl' adapter.
2019-02-14 16:24:39,272 DEBUG SqlSessionFactoryBean:497 ---- Parsed configuration file: 'class path resource [mapper/config/mybatis-config.xml]'
2019-02-14 16:24:39,272 DEBUG SqlSessionFactoryBean:534 ---- Property 'mapperLocations' was not specified or no matching resources found
2019-02-14 16:24:39,551 DEBUG MybatisAutoConfiguration:234 ---- No org.mybatis.spring.mapper.MapperFactoryBean found.
2019-02-14 16:24:39,822  INFO Http11NioProtocol:173 ---- Starting ProtocolHandler ["http-nio-8081"]
2019-02-14 16:24:39,842  INFO NioSelectorPool:173 ---- Using a shared selector for servlet write/read
2019-02-14 16:24:40,608  INFO [/urlInfo]:173 ---- Initializing Spring DispatcherServlet 'dispatcherServlet'
2019-02-14 16:24:40,836  INFO DruidDataSource:928 ---- {dataSource-1,my_test} inited
2019-02-14 16:25:53,749  INFO DruidDataSource:1823 ---- {dataSource-1} closed
2019-02-14 16:28:38,708 DEBUG MybatisAutoConfiguration:184 ---- Searching for mappers annotated with @Mapper
2019-02-14 16:28:38,715 DEBUG MybatisAutoConfiguration:196 ---- Using auto-configuration base package 'com.lvhong'
2019-02-14 16:28:39,356  INFO Http11NioProtocol:173 ---- Initializing ProtocolHandler ["http-nio-8081"]
2019-02-14 16:28:39,363  INFO StandardService:173 ---- Starting service [Tomcat]
2019-02-14 16:28:39,363  INFO StandardEngine:173 ---- Starting Servlet Engine: Apache Tomcat/9.0.13
2019-02-14 16:28:39,369  INFO AprLifecycleListener:173 ---- The APR based Apache Tomcat Native library which allows optimal performance in production environments was not found on the java.library.path: [/Users/lvhong/Library/Java/Extensions:/Library/Java/Extensions:/Network/Library/Java/Extensions:/System/Library/Java/Extensions:/usr/lib/java:.]
2019-02-14 16:28:39,547  INFO TldScanner:173 ---- At least one JAR was scanned for TLDs yet contained no TLDs. Enable debug logging for this logger for a complete list of JARs that were scanned but no TLDs were found in them. Skipping unneeded JARs during scanning can improve startup time and JSP compilation time.
2019-02-14 16:28:39,550  INFO [/urlInfo]:173 ---- Initializing Spring embedded WebApplicationContext
2019-02-14 16:28:39,925 DEBUG LogFactory:135 ---- Logging initialized using 'class org.apache.ibatis.logging.slf4j.Slf4jImpl' adapter.
2019-02-14 16:28:39,986 DEBUG SqlSessionFactoryBean:497 ---- Parsed configuration file: 'class path resource [mapper/config/mybatis-config.xml]'
2019-02-14 16:28:39,987 DEBUG SqlSessionFactoryBean:534 ---- Property 'mapperLocations' was not specified or no matching resources found
2019-02-14 16:28:40,226 DEBUG MybatisAutoConfiguration:234 ---- No org.mybatis.spring.mapper.MapperFactoryBean found.
2019-02-14 16:28:40,435  INFO Http11NioProtocol:173 ---- Starting ProtocolHandler ["http-nio-8081"]
2019-02-14 16:28:40,453  INFO NioSelectorPool:173 ---- Using a shared selector for servlet write/read
2019-02-14 16:28:41,358  INFO [/urlInfo]:173 ---- Initializing Spring DispatcherServlet 'dispatcherServlet'
2019-02-14 16:28:41,569  INFO DruidDataSource:928 ---- {dataSource-1,my_test} inited
2019-02-14 16:30:04,440  INFO DruidDataSource:1823 ---- {dataSource-1} closed
2019-02-14 16:30:53,120 DEBUG MybatisAutoConfiguration:184 ---- Searching for mappers annotated with @Mapper
2019-02-14 16:30:53,127 DEBUG MybatisAutoConfiguration:196 ---- Using auto-configuration base package 'com.lvhong'
2019-02-14 16:30:53,756  INFO Http11NioProtocol:173 ---- Initializing ProtocolHandler ["http-nio-8081"]
2019-02-14 16:30:53,764  INFO StandardService:173 ---- Starting service [Tomcat]
2019-02-14 16:30:53,764  INFO StandardEngine:173 ---- Starting Servlet Engine: Apache Tomcat/9.0.13
2019-02-14 16:30:53,769  INFO AprLifecycleListener:173 ---- The APR based Apache Tomcat Native library which allows optimal performance in production environments was not found on the java.library.path: [/Users/lvhong/Library/Java/Extensions:/Library/Java/Extensions:/Network/Library/Java/Extensions:/System/Library/Java/Extensions:/usr/lib/java:.]
2019-02-14 16:30:53,947  INFO TldScanner:173 ---- At least one JAR was scanned for TLDs yet contained no TLDs. Enable debug logging for this logger for a complete list of JARs that were scanned but no TLDs were found in them. Skipping unneeded JARs during scanning can improve startup time and JSP compilation time.
2019-02-14 16:30:53,950  INFO [/urlInfo]:173 ---- Initializing Spring embedded WebApplicationContext
2019-02-14 16:30:54,324 DEBUG LogFactory:135 ---- Logging initialized using 'class org.apache.ibatis.logging.slf4j.Slf4jImpl' adapter.
2019-02-14 16:30:54,386 DEBUG SqlSessionFactoryBean:497 ---- Parsed configuration file: 'class path resource [mapper/config/mybatis-config.xml]'
2019-02-14 16:30:54,387 DEBUG SqlSessionFactoryBean:534 ---- Property 'mapperLocations' was not specified or no matching resources found
2019-02-14 16:30:54,628 DEBUG MybatisAutoConfiguration:234 ---- No org.mybatis.spring.mapper.MapperFactoryBean found.
2019-02-14 16:30:54,840  INFO Http11NioProtocol:173 ---- Starting ProtocolHandler ["http-nio-8081"]
2019-02-14 16:30:54,859  INFO NioSelectorPool:173 ---- Using a shared selector for servlet write/read
2019-02-14 16:30:55,636  INFO [/urlInfo]:173 ---- Initializing Spring DispatcherServlet 'dispatcherServlet'
2019-02-14 16:30:55,851  INFO DruidDataSource:928 ---- {dataSource-1,my_test} inited
2019-02-14 16:35:40,361  INFO DruidDataSource:1823 ---- {dataSource-1} closed
